<?xml version="1.0" encoding="UTF-8"?>
<testng-results ignored="0" total="1" passed="1" failed="0" skipped="0">
  <reporter-output>
    <line>
      <![CDATA[openBrowser]]>
    </line>
    <line>
      <![CDATA[login]]>
    </line>
    <line>
      <![CDATA[Create Task]]>
    </line>
    <line>
      <![CDATA[logout]]>
    </line>
    <line>
      <![CDATA[closeBrowser]]>
    </line>
  </reporter-output>
  <suite started-at="2023-01-25T11:17:28 IST" name="Default suite" finished-at="2023-01-25T11:18:07 IST" duration-ms="38425">
    <groups>
    </groups>
    <test started-at="2023-01-25T11:17:28 IST" name="Default test" finished-at="2023-01-25T11:18:07 IST" duration-ms="38425">
      <class name="com.actitime.testscripts.TaskModule">
        <test-method is-config="true" signature="openBrowser()[pri:0, instance:com.actitime.testscripts.TaskModule@130161f7]" started-at="2023-01-25T11:17:28 IST" name="openBrowser" finished-at="2023-01-25T11:17:31 IST" duration-ms="2350" status="PASS">
          <reporter-output>
            <line>
              <![CDATA[openBrowser]]>
            </line>
          </reporter-output>
        </test-method> <!-- openBrowser -->
        <test-method is-config="true" signature="login()[pri:0, instance:com.actitime.testscripts.TaskModule@130161f7]" started-at="2023-01-25T11:17:31 IST" name="login" finished-at="2023-01-25T11:17:45 IST" duration-ms="14306" status="PASS">
          <reporter-output>
            <line>
              <![CDATA[login]]>
            </line>
          </reporter-output>
        </test-method> <!-- login -->
        <test-method signature="testCreateTask()[pri:0, instance:com.actitime.testscripts.TaskModule@130161f7]" started-at="2023-01-25T11:17:45 IST" name="testCreateTask" finished-at="2023-01-25T11:18:03 IST" duration-ms="17823" status="PASS">
          <reporter-output>
            <line>
              <![CDATA[Create Task]]>
            </line>
          </reporter-output>
        </test-method> <!-- testCreateTask -->
        <test-method is-config="true" signature="logout()[pri:0, instance:com.actitime.testscripts.TaskModule@130161f7]" started-at="2023-01-25T11:18:03 IST" name="logout" finished-at="2023-01-25T11:18:06 IST" duration-ms="3534" status="PASS">
          <reporter-output>
            <line>
              <![CDATA[logout]]>
            </line>
          </reporter-output>
        </test-method> <!-- logout -->
        <test-method is-config="true" signature="closeBrowser()[pri:0, instance:com.actitime.testscripts.TaskModule@130161f7]" started-at="2023-01-25T11:18:06 IST" name="closeBrowser" finished-at="2023-01-25T11:18:07 IST" duration-ms="345" status="PASS">
          <reporter-output>
            <line>
              <![CDATA[closeBrowser]]>
            </line>
          </reporter-output>
        </test-method> <!-- closeBrowser -->
      </class> <!-- com.actitime.testscripts.TaskModule -->
    </test> <!-- Default test -->
  </suite> <!-- Default suite -->
</testng-results>
